Unity Editor version:    2020.3.26f1 (7298b473bc1a)
Branch:                  2020.3/staging
Build type:              Release
Batch mode:              YES
macOS version:           Version 12.0.1 (Build 21A559)
Darwin version:          21.1.0
Architecture:            x86_64
Running under Rosetta:   NO
Available memory:        65536 MB
Using pre-set license
Pro License: NO

COMMAND LINE ARGUMENTS:
/Applications/Unity/Hub/Editor/2020.3.26f1/Unity.app/Contents/MacOS/Unity
-adb2
-batchMode
-noUpm
-name
AssetImportWorker0
-projectPath
/Volumes/A025/8_Unity/2022_03_GuideToBeautifulGames
-logFile
Logs/AssetImportWorker0.log
-srvPort
49900
Successfully changed project path to: /Volumes/A025/8_Unity/2022_03_GuideToBeautifulGames
/Volumes/A025/8_Unity/2022_03_GuideToBeautifulGames
Using Asset Import Pipeline V2.
Refreshing native plugins compatible for Editor in 43.71 ms, found 2 plugins.
Preloading 0 native plugins for Editor in 0.00 ms.
Initialize engine version: 2020.3.26f1 (7298b473bc1a)
[Subsystems] Discovering subsystems at path /Applications/Unity/Hub/Editor/2020.3.26f1/Unity.app/Contents/Resources/UnitySubsystems
[Subsystems] Discovering subsystems at path /Volumes/A025/8_Unity/2022_03_GuideToBeautifulGames/Assets
GfxDevice: creating device client; threaded=0
2022-03-12 13:20:40.563 Unity[1577:84168] BenQ LCD preferred device: AMD Radeon HD - FirePro D300 (high power)
2022-03-12 13:20:40.563 Unity[1577:84168] Metal devices available: 2
2022-03-12 13:20:40.563 Unity[1577:84168] 0: AMD Radeon HD - FirePro D300 (high power)
2022-03-12 13:20:40.563 Unity[1577:84168] 1: AMD Radeon HD - FirePro D300 (high power)
2022-03-12 13:20:40.563 Unity[1577:84168] Using device AMD Radeon HD - FirePro D300 (high power)
Initializing Metal device caps: AMD Radeon HD - FirePro D300
Initialize mono
Mono path[0] = '/Applications/Unity/Hub/Editor/2020.3.26f1/Unity.app/Contents/Managed'
Mono path[1] = '/Applications/Unity/Hub/Editor/2020.3.26f1/Unity.app/Contents/MonoBleedingEdge/lib/mono/unityjit'
Mono config path = '/Applications/Unity/Hub/Editor/2020.3.26f1/Unity.app/Contents/MonoBleedingEdge/etc'
Using monoOptions --debugger-agent=transport=dt_socket,embedding=1,server=y,suspend=n,address=127.0.0.1:56577
Begin MonoManager ReloadAssembly
Registering precompiled unity dll's ...
Register platform support module: /Applications/Unity/Hub/Editor/2020.3.26f1/PlaybackEngines/WebGLSupport/UnityEditor.WebGL.Extensions.dll
Register platform support module: /Applications/Unity/Hub/Editor/2020.3.26f1/Unity.app/Contents/PlaybackEngines/MacStandaloneSupport/UnityEditor.OSXStandalone.Extensions.dll
Registered in 0.001201 seconds.
Native extension for OSXStandalone target not found
Native extension for WebGL target not found
Refreshing native plugins compatible for Editor in 40.35 ms, found 2 plugins.
Preloading 0 native plugins for Editor in 0.00 ms.
Mono: successfully reloaded assembly
- Completed reload, in  0.790 seconds
Domain Reload Profiling:
	ReloadAssembly (791ms)
		BeginReloadAssembly (62ms)
			ExecutionOrderSort (0ms)
			DisableScriptedObjects (0ms)
			BackupInstance (0ms)
			ReleaseScriptingObjects (0ms)
			CreateAndSetChildDomain (1ms)
		EndReloadAssembly (632ms)
			LoadAssemblies (61ms)
			RebuildTransferFunctionScriptingTraits (0ms)
			SetupTypeCache (225ms)
			ReleaseScriptCaches (0ms)
			RebuildScriptCaches (45ms)
			SetupLoadedEditorAssemblies (252ms)
				LogAssemblyErrors (0ms)
				InitializePlatformSupportModulesInManaged (7ms)
				SetLoadedEditorAssemblies (0ms)
				RefreshPlugins (40ms)
				BeforeProcessingInitializeOnLoad (35ms)
				ProcessInitializeOnLoadAttributes (131ms)
				ProcessInitializeOnLoadMethodAttributes (38ms)
				AfterProcessingInitializeOnLoad (0ms)
				EditorAssembliesLoaded (0ms)
			ExecutionOrderSort2 (0ms)
			AwakeInstancesAfterBackupRestoration (0ms)
Platform modules already initialized, skipping
Registering precompiled user dll's ...
Registered in 0.002608 seconds.
Begin MonoManager ReloadAssembly
Native extension for OSXStandalone target not found
Native extension for WebGL target not found
Refreshing native plugins compatible for Editor in 0.43 ms, found 2 plugins.
Preloading 0 native plugins for Editor in 0.00 ms.
Mono: successfully reloaded assembly
- Completed reload, in  1.368 seconds
Domain Reload Profiling:
	ReloadAssembly (1369ms)
		BeginReloadAssembly (206ms)
			ExecutionOrderSort (0ms)
			DisableScriptedObjects (7ms)
			BackupInstance (0ms)
			ReleaseScriptingObjects (0ms)
			CreateAndSetChildDomain (28ms)
		EndReloadAssembly (1077ms)
			LoadAssemblies (110ms)
			RebuildTransferFunctionScriptingTraits (0ms)
			SetupTypeCache (400ms)
			ReleaseScriptCaches (0ms)
			RebuildScriptCaches (61ms)
			SetupLoadedEditorAssemblies (383ms)
				LogAssemblyErrors (0ms)
				InitializePlatformSupportModulesInManaged (7ms)
				SetLoadedEditorAssemblies (1ms)
				RefreshPlugins (0ms)
				BeforeProcessingInitializeOnLoad (92ms)
				ProcessInitializeOnLoadAttributes (270ms)
				ProcessInitializeOnLoadMethodAttributes (11ms)
				AfterProcessingInitializeOnLoad (2ms)
				EditorAssembliesLoaded (0ms)
			ExecutionOrderSort2 (0ms)
			AwakeInstancesAfterBackupRestoration (9ms)
Platform modules already initialized, skipping
Validating Project structure ... 0.004131 seconds.
Shader import version has changed; will reimport all shaders...
Upgrading shader files ...0.005697 seconds.
Application.AssetDatabase Initial Script Refresh Start
RefreshInfo: InitialScriptRefreshV2(NoUpdateAssetOptions) scanfilter:  ... 1 filters
RefreshProfiler: Total: 0.000ms
Application.AssetDatabase Initial Script Refresh End
Application.AssetDatabase.Refresh Start
Application.AssetDatabase.Refresh End
RefreshInfo: StopAssetImportingV2(ForceSynchronousImport) scanfilter: 
RefreshProfiler: Total: 0.000ms
Launching external process: /Applications/Unity/Hub/Editor/2020.3.26f1/Unity.app/Contents/Tools/UnityShaderCompiler
Launched and connected shader compiler UnityShaderCompiler after 0.01 seconds
Initializing Unity extensions:
2022-03-12 13:20:43.493 Unity[1577:84168] NSEventModifierFlagFunction specified to -setKeyEquivalentModifierMask: for item <NSMenuItem: 0x600000d1c5b0 Font Asset, ke='Command-F12'>, but is only supported for system-provided menu items; will not be used
2022-03-12 13:20:43.499 Unity[1577:84168] NSEventModifierFlagFunction specified to -setKeyEquivalentModifierMask: for item <NSMenuItem: 0x600000debf70 Font Asset, ke='Command-F12'>, but is only supported for system-provided menu items; will not be used
========================================================================
Worker process is ready to serve import requests
Refreshing native plugins compatible for Editor in 0.42 ms, found 2 plugins.
Preloading 0 native plugins for Editor in 0.00 ms.
Unloading 1505 Unused Serialized files (Serialized files now loaded: 0)
System memory in use before: 192.9 MB.
System memory in use after: 192.0 MB.

Unloading 81 unused Assets to reduce memory usage. Loaded Objects now: 1977.
Total: 3.747344 ms (FindLiveObjects: 0.184295 ms CreateObjectMapping: 0.061578 ms MarkObjects: 2.916013 ms  DeleteObjects: 0.583994 ms)

AssetImportParameters requested are different than current active one (requested -> active):
  custom:video-decoder-ogg-theora: a1e56fd34408186e4bbccfd4996cb3dc -> 
  custom:container-muxer-webm: aa71ff27fc2769a1b78a27578f13a17b -> 
  custom:container-demuxer-webm: 4f35f7cbe854078d1ac9338744f61a02 -> 
  custom:container-demuxer-ogg: 62fdf1f143b41e24485cea50d1cbac27 -> 
  custom:video-encoder-webm-vp8: eb34c28f22e8b96e1ab97ce403110664 -> 
  custom:framework-osx-AVFoundation: e770b220cccbd017edd2c1fefb359320 -> 
  custom:video-decoder-webm-vp8: 9c59270c3fd7afecdb556c50c9e8de78 -> 
  custom:audio-decoder-ogg-vorbis: bf7c407c2cedff20999df2af8eb42d56 -> 
  custom:audio-encoder-webm-vorbis: bf7c407c2cedff20999df2af8eb42d56 -> 
========================================================================
Received Import Request.
  path: Assets/GameDevHQ/FileBase/3D/Environments/Sci-Fi/Scifi_Walls_05_07/FBX/Scifi_Walls_05.fbx
  artifactKey: Guid(668dbb44b9cfd44948f7944f5e938edd) Importer(815301076,1909f56bfc062723c751e8b465ee728b)
Start importing Assets/GameDevHQ/FileBase/3D/Environments/Sci-Fi/Scifi_Walls_05_07/FBX/Scifi_Walls_05.fbx using Guid(668dbb44b9cfd44948f7944f5e938edd) Importer(815301076,1909f56bfc062723c751e8b465ee728b)  -> (artifact id: '49d4940628ec326223b4b740c632eac5') in 1.439698 seconds 
  Import took 1.445674 seconds .

========================================================================
Received Import Request.
  Time since last request: 631.292791 seconds.
  path: Assets/GameDevHQ/FileBase/3D/Environments/Sci-Fi/Scifi_Walls_08_10
  artifactKey: Guid(cbdc06f0c39cc4f76aa807805f0b32ef) Importer(815301076,1909f56bfc062723c751e8b465ee728b)
Start importing Assets/GameDevHQ/FileBase/3D/Environments/Sci-Fi/Scifi_Walls_08_10 using Guid(cbdc06f0c39cc4f76aa807805f0b32ef) Importer(815301076,1909f56bfc062723c751e8b465ee728b)  -> (artifact id: '42f3e3b33b2ebe9d8b89fcd5e07dc887') in 0.005407 seconds 
  Import took 0.008841 seconds .

========================================================================
Received Import Request.
  Time since last request: 45.767828 seconds.
  path: Assets/GameDevHQ/FileBase/3D/Environments/Sci-Fi/Scifi_Walls_08_10/FBX/Scifi_Walls_Base_02.fbx
  artifactKey: Guid(667cb2486c2874ca8b0b91e44c21702f) Importer(815301076,1909f56bfc062723c751e8b465ee728b)
Start importing Assets/GameDevHQ/FileBase/3D/Environments/Sci-Fi/Scifi_Walls_08_10/FBX/Scifi_Walls_Base_02.fbx using Guid(667cb2486c2874ca8b0b91e44c21702f) Importer(815301076,1909f56bfc062723c751e8b465ee728b)  -> (artifact id: '83a25406086ef006859d806dccebf305') in 0.042110 seconds 
  Import took 0.046368 seconds .

========================================================================
Received Import Request.
  Time since last request: 1374.114917 seconds.
  path: Assets/Prefab/Ceiling
  artifactKey: Guid(e4ea9e6afb9de4c53b50a2fedcffbfa8) Importer(815301076,1909f56bfc062723c751e8b465ee728b)
Start importing Assets/Prefab/Ceiling using Guid(e4ea9e6afb9de4c53b50a2fedcffbfa8) Importer(815301076,1909f56bfc062723c751e8b465ee728b)  -> (artifact id: 'ec1e3cdadfae30d5f596c06547ff40c5') in 0.001941 seconds 
  Import took 0.005187 seconds .

========================================================================
Received Import Request.
  Time since last request: 5.630603 seconds.
  path: Assets/Prefab/Ceiling/Strut_01.prefab
  artifactKey: Guid(ec4860249575d4bbea4d0d9d3cb6199a) Importer(815301076,1909f56bfc062723c751e8b465ee728b)
Start importing Assets/Prefab/Ceiling/Strut_01.prefab using Guid(ec4860249575d4bbea4d0d9d3cb6199a) Importer(815301076,1909f56bfc062723c751e8b465ee728b)  -> (artifact id: '9db96b16e08d05cc19b476b298d78edd') in 0.337729 seconds 
  Import took 0.346109 seconds .

